actionValidateOrder hook triggered: Array
(
    [0] => Array
        (
            [url] => 
            [name] => Hummingbird - Vector graphics
            [name2] => 
            [productId] => 14
            [image] => 
        )

)

actionValidateOrder hook triggered: Array
(
    [0] => Array
        (
            [url] => 
            [name] => Hummingbird printed sweater (Size: S)
            [productId] => 2
            [image] => 
        )

)

actionValidateOrder hook triggered: Array
(
    [0] => Array
        (
            [url] => 
            [name] => Hummingbird printed sweater (Size: S)
            [productId] => 2
            [image] => 
        )

)

actionValidateOrder hook triggered: Array
(
    [0] => Array
        (
            [url] => 
            [name] => The best is yet to come' Framed poster (Dimension: 40x60cm)
            [productId] => 3
            [image] => 
        )

)

actionValidateOrder hook triggered: Array
(
    [0] => Array
        (
            [url] => 
            [name] => 
            [productId] => 6
            [image] => 
        )

)

actionValidateOrder hook triggered: Array
(
    [0] => Array
        (
            [url] => 
            [name] => 
            [productId] => 9
            [image] => 
        )

)

actionValidateOrder hook triggered: Array
(
    [0] => Array
        (
            [url] => 
            [name] => 
            [productId] => 7
            [image] => 
        )

)

actionValidateOrder hook triggered: Array
(
    [0] => Array
        (
            [url] => 
            [name] => 
            [productId] => 2
            [image] => 
        )

)

actionValidateOrder hook triggered: Array
(
    [0] => Array
        (
            [url] => 
            [name] => 
            [productId] => 7
            [image] => 
        )

)

actionValidateOrder hook triggered: Array
(
    [0] => Array
        (
            [url] => 
            [name] => 
            [productId] => 7
            [image] => 
        )

)

actionValidateOrder hook triggered: Array
(
    [0] => Array
        (
            [url] => 
            [name] => 
            [productId] => 9
            [image] => 
        )

)

actionValidateOrder hook triggered: Array
(
    [0] => Array
        (
            [url] => 
            [name] => 
            [productId] => 2
            [image] => 
        )

)

actionValidateOrder hook triggered: Array
(
    [0] => Array
        (
            [url] => 
            [name] => 
            [productId] => 7
            [image] => 
        )

)

actionValidateOrder hook triggered: Array
(
    [0] => Array
        (
            [url] => 
            [name] => 
            [productId] => 2
            [image] => 
        )

)

actionValidateOrder hook triggered: Array
(
    [0] => Array
        (
            [url] => 
            [name] => 
            [productId] => 11
            [image] => 
        )

)

actionValidateOrder hook triggered: Array
(
    [0] => Array
        (
            [url] => 
            [name] => 
            [productId] => 7
            [image] => 
        )

)

actionValidateOrder hook triggered: Array
(
    [0] => Array
        (
            [url] => 
            [name] => 
            [productId] => 2
            [image] => 
        )

)

actionValidateOrder hook triggered: Array
(
    [0] => Array
        (
            [url] => 
            [name] => 
            [productId] => 2
            [image] => 
        )

)

actionValidateOrder hook triggered: Array
(
    [0] => Array
        (
            [url] => 
            [name] => 
            [productId] => 2
            [image] => 
        )

)

actionValidateOrder hook triggered: Array
(
    [0] => Array
        (
            [url] => 
            [name] => 
            [productId] => 3
            [image] => 
        )

)

actionValidateOrder hook triggered: Array
(
    [0] => Array
        (
            [url] => 
            [name] => 
            [productId] => 2
            [image] => 
        )

)

actionValidateOrder hook triggered: Array
(
    [0] => Array
        (
            [url] => 
            [name] => 
            [productId] => 2
            [image] => 
        )

)

actionValidateOrder hook triggered: Array
(
    [0] => Array
        (
            [url] => 
            [name] => 
            [productId] => 7
            [image] => 
        )

)

actionValidateOrder hook triggered: Array
(
    [0] => Array
        (
            [url] => 
            [name] => 
            [productId] => 2
            [image] => 
        )

)

actionValidateOrder hook triggered: Array
(
    [0] => Array
        (
            [url] => 
            [name] => 
            [productId] => 4
            [image] => 
        )

)

actionValidateOrder hook triggered: Array
(
    [0] => Array
        (
            [url] => 
            [name] => 
            [productId] => 6
            [image] => 
        )

)

actionValidateOrder hook triggered: Array
(
    [0] => Array
        (
            [url] => 
            [name] => 
            [productId] => 2
            [image] => 
        )

)

actionValidateOrder hook triggered: Array
(
    [0] => Array
        (
            [url] => 
            [name] => 
            [productId] => 8
            [image] => 
        )

)

actionValidateOrder hook triggered: Array
(
    [0] => Array
        (
            [url] => 
            [name] => 
            [productId] => 2
            [image] => 
        )

)

actionValidateOrder hook triggered: Array
(
    [0] => Array
        (
            [url] => 
            [name] => 
            [productId] => 3
            [image] => 
        )

)

actionValidateOrder hook triggered: Array
(
    [0] => Array
        (
            [url] => 
            [name] => 
            [productId] => 2
            [image] => 
        )

)

actionValidateOrder hook triggered: Array
(
    [0] => Array
        (
            [url] => 
            [name] => 
            [productId] => 3
            [image] => 
        )

)

actionValidateOrder hook triggered: Array
(
    [0] => Array
        (
            [url] => 
            [name] => 
            [productId] => 2
            [image] => 
        )

)

actionValidateOrder hook triggered: Array
(
    [0] => Array
        (
            [url] => 
            [name] => 
            [productId] => 4
            [image] => 
        )

)

actionValidateOrder hook triggered: Array
(
    [0] => Array
        (
            [url] => 
            [name] => 
            [productId] => 2
            [image] => 
        )

)

actionValidateOrder hook triggered: Array
(
    [0] => Array
        (
            [url] => 
            [name] => 
            [productId] => 3
            [image] => 
        )

)

actionValidateOrder hook triggered: Array
(
    [0] => Array
        (
            [url] => 
            [name] => 
            [productId] => 1
            [image] => 
        )

)

actionValidateOrder hook triggered: Array
(
    [0] => Array
        (
            [url] => 
            [name] => 
            [productId] => 1
            [image] => 
        )

)

actionValidateOrder hook triggered: Array
(
    [0] => Array
        (
            [url] => 
            [name] => 
            [productId] => 2
            [image] => 
        )

    [1] => Array
        (
            [url] => 
            [name] => 
            [productId] => 7
            [image] => 
        )

)

actionValidateOrder hook triggered: Array
(
    [0] => Array
        (
            [url] => 
            [name] => 
            [productId] => 3
            [image] => 
        )

)

actionValidateOrder hook triggered: Array
(
    [0] => Array
        (
            [url] => 
            [name] => 
            [productId] => 2
            [image] => 
        )

)

actionValidateOrder hook triggered: Array
(
    [0] => Array
        (
            [url] => 
            [name] => 
            [productId] => 7
            [image] => 
        )

)

actionValidateOrder hook triggered: Array
(
    [0] => Array
        (
            [url] => 
            [name] => 
            [productId] => 3
            [image] => 
        )

)

actionValidateOrder hook triggered: Array
(
    [0] => Array
        (
            [url] => 
            [name] => 
            [productId] => 2
            [image] => 
        )

)

actionValidateOrder hook triggered: Array
(
    [0] => Array
        (
            [url] => 
            [name] => 
            [productId] => 4
            [image] => 
        )

)

actionValidateOrder hook triggered: Array
(
    [0] => Array
        (
            [url] => 
            [name] => 
            [productId] => 3
            [image] => 
        )

)

actionValidateOrder hook triggered: Array
(
    [0] => Array
        (
            [url] => 
            [name] => 
            [productId] => 1
            [image] => 
        )

)

actionValidateOrder hook triggered: Array
(
    [0] => Array
        (
            [url] => 
            [name] => 
            [productId] => 3
            [image] => 
        )

)

actionValidateOrder hook triggered: Array
(
    [0] => Array
        (
            [url] => 
            [name] => 
            [productId] => 2
            [image] => 
        )

)

actionValidateOrder hook triggered: Array
(
    [0] => Array
        (
            [url] => 
            [name] => 
            [productId] => 4
            [image] => 
        )

)

actionValidateOrder hook triggered: Array
(
    [0] => Array
        (
            [url] => 
            [name] => 
            [productId] => 3
            [image] => 
        )

)

actionValidateOrder hook triggered: Array
(
    [0] => Array
        (
            [url] => 
            [name] => 
            [productId] => 2
            [image] => 
        )

)

actionValidateOrder hook triggered: Array
(
    [0] => Array
        (
            [url] => 
            [name] => 
            [productId] => 4
            [image] => 
        )

)

actionValidateOrder hook triggered: Array
(
    [0] => Array
        (
            [url] => 
            [name] => 
            [productId] => 12
            [image] => 
        )

)

